running egg_info
creating ../../build/my_launch/my_launch.egg-info
writing ../../build/my_launch/my_launch.egg-info/PKG-INFO
writing dependency_links to ../../build/my_launch/my_launch.egg-info/dependency_links.txt
writing entry points to ../../build/my_launch/my_launch.egg-info/entry_points.txt
writing requirements to ../../build/my_launch/my_launch.egg-info/requires.txt
writing top-level names to ../../build/my_launch/my_launch.egg-info/top_level.txt
writing manifest file '../../build/my_launch/my_launch.egg-info/SOURCES.txt'
reading manifest file '../../build/my_launch/my_launch.egg-info/SOURCES.txt'
writing manifest file '../../build/my_launch/my_launch.egg-info/SOURCES.txt'
running build
running build_py
creating /home/pc/ros2_ws/build/my_launch/build
creating /home/pc/ros2_ws/build/my_launch/build/lib
creating /home/pc/ros2_ws/build/my_launch/build/lib/my_launch
copying my_launch/__init__.py -> /home/pc/ros2_ws/build/my_launch/build/lib/my_launch
running install
running install_lib
creating /home/pc/ros2_ws/install/my_launch/lib/python3.8/site-packages/my_launch
copying /home/pc/ros2_ws/build/my_launch/build/lib/my_launch/__init__.py -> /home/pc/ros2_ws/install/my_launch/lib/python3.8/site-packages/my_launch
byte-compiling /home/pc/ros2_ws/install/my_launch/lib/python3.8/site-packages/my_launch/__init__.py to __init__.cpython-38.pyc
running install_data
creating /home/pc/ros2_ws/install/my_launch/share/ament_index
creating /home/pc/ros2_ws/install/my_launch/share/ament_index/resource_index
creating /home/pc/ros2_ws/install/my_launch/share/ament_index/resource_index/packages
copying resource/my_launch -> /home/pc/ros2_ws/install/my_launch/share/ament_index/resource_index/packages
copying package.xml -> /home/pc/ros2_ws/install/my_launch/share/my_launch
creating /home/pc/ros2_ws/install/my_launch/share/my_launch/launch
copying launch/all.launch.py -> /home/pc/ros2_ws/install/my_launch/share/my_launch/launch
running install_egg_info
Copying ../../build/my_launch/my_launch.egg-info to /home/pc/ros2_ws/install/my_launch/lib/python3.8/site-packages/my_launch-0.0.0-py3.8.egg-info
running install_scripts
writing list of installed files to '/home/pc/ros2_ws/build/my_launch/install.log'
