[0.302s] Invoking command in '/home/pc/ros2_ws/src/my_service': PYTHONPATH=/home/pc/ros2_ws/build/my_service/prefix_override:/usr/lib/python3/dist-packages/colcon_core/task/python/colcon_distutils_commands:/home/pc/ros2_ws/install/my_service/lib/python3.8/site-packages:${PYTHONPATH} /usr/bin/python3 -W ignore:setup.py install is deprecated -W ignore:easy_install command is deprecated setup.py egg_info --egg-base ../../build/my_service build --build-base /home/pc/ros2_ws/build/my_service/build install --record /home/pc/ros2_ws/build/my_service/install.log --install-scripts $base/lib/my_service --single-version-externally-managed install_data
[0.402s] running egg_info
[0.402s] creating ../../build/my_service/my_service.egg-info
[0.403s] writing ../../build/my_service/my_service.egg-info/PKG-INFO
[0.403s] writing dependency_links to ../../build/my_service/my_service.egg-info/dependency_links.txt
[0.403s] writing entry points to ../../build/my_service/my_service.egg-info/entry_points.txt
[0.403s] writing requirements to ../../build/my_service/my_service.egg-info/requires.txt
[0.403s] writing top-level names to ../../build/my_service/my_service.egg-info/top_level.txt
[0.403s] writing manifest file '../../build/my_service/my_service.egg-info/SOURCES.txt'
[0.420s] reading manifest file '../../build/my_service/my_service.egg-info/SOURCES.txt'
[0.421s] writing manifest file '../../build/my_service/my_service.egg-info/SOURCES.txt'
[0.421s] running build
[0.421s] running build_py
[0.421s] creating /home/pc/ros2_ws/build/my_service/build
[0.421s] creating /home/pc/ros2_ws/build/my_service/build/lib
[0.422s] creating /home/pc/ros2_ws/build/my_service/build/lib/my_service
[0.422s] copying my_service/__init__.py -> /home/pc/ros2_ws/build/my_service/build/lib/my_service
[0.422s] copying my_service/server.py -> /home/pc/ros2_ws/build/my_service/build/lib/my_service
[0.422s] copying my_service/client.py -> /home/pc/ros2_ws/build/my_service/build/lib/my_service
[0.422s] running install
[0.422s] running install_lib
[0.422s] creating /home/pc/ros2_ws/install/my_service/lib/python3.8/site-packages/my_service
[0.422s] copying /home/pc/ros2_ws/build/my_service/build/lib/my_service/__init__.py -> /home/pc/ros2_ws/install/my_service/lib/python3.8/site-packages/my_service
[0.422s] copying /home/pc/ros2_ws/build/my_service/build/lib/my_service/server.py -> /home/pc/ros2_ws/install/my_service/lib/python3.8/site-packages/my_service
[0.422s] copying /home/pc/ros2_ws/build/my_service/build/lib/my_service/client.py -> /home/pc/ros2_ws/install/my_service/lib/python3.8/site-packages/my_service
[0.422s] byte-compiling /home/pc/ros2_ws/install/my_service/lib/python3.8/site-packages/my_service/__init__.py to __init__.cpython-38.pyc
[0.423s] byte-compiling /home/pc/ros2_ws/install/my_service/lib/python3.8/site-packages/my_service/server.py to server.cpython-38.pyc
[0.423s] byte-compiling /home/pc/ros2_ws/install/my_service/lib/python3.8/site-packages/my_service/client.py to client.cpython-38.pyc
[0.424s] running install_data
[0.424s] creating /home/pc/ros2_ws/install/my_service/share/ament_index
[0.424s] creating /home/pc/ros2_ws/install/my_service/share/ament_index/resource_index
[0.424s] creating /home/pc/ros2_ws/install/my_service/share/ament_index/resource_index/packages
[0.424s] copying resource/my_service -> /home/pc/ros2_ws/install/my_service/share/ament_index/resource_index/packages
[0.424s] copying package.xml -> /home/pc/ros2_ws/install/my_service/share/my_service
[0.424s] running install_egg_info
[0.425s] Copying ../../build/my_service/my_service.egg-info to /home/pc/ros2_ws/install/my_service/lib/python3.8/site-packages/my_service-0.0.0-py3.8.egg-info
[0.425s] running install_scripts
[0.435s] Installing client script to /home/pc/ros2_ws/install/my_service/lib/my_service
[0.435s] Installing server script to /home/pc/ros2_ws/install/my_service/lib/my_service
[0.435s] writing list of installed files to '/home/pc/ros2_ws/build/my_service/install.log'
[0.445s] Invoked command in '/home/pc/ros2_ws/src/my_service' returned '0': PYTHONPATH=/home/pc/ros2_ws/build/my_service/prefix_override:/usr/lib/python3/dist-packages/colcon_core/task/python/colcon_distutils_commands:/home/pc/ros2_ws/install/my_service/lib/python3.8/site-packages:${PYTHONPATH} /usr/bin/python3 -W ignore:setup.py install is deprecated -W ignore:easy_install command is deprecated setup.py egg_info --egg-base ../../build/my_service build --build-base /home/pc/ros2_ws/build/my_service/build install --record /home/pc/ros2_ws/build/my_service/install.log --install-scripts $base/lib/my_service --single-version-externally-managed install_data
