[0.753s] Invoking command in '/home/pc/ros2_ws/src/my_turtlesim': PYTHONPATH=/home/pc/ros2_ws/build/my_turtlesim/prefix_override:/usr/lib/python3/dist-packages/colcon_core/task/python/colcon_distutils_commands:/home/pc/ros2_ws/install/my_turtlesim/lib/python3.8/site-packages:${PYTHONPATH} /usr/bin/python3 -W ignore:setup.py install is deprecated -W ignore:easy_install command is deprecated setup.py egg_info --egg-base ../../build/my_turtlesim build --build-base /home/pc/ros2_ws/build/my_turtlesim/build install --record /home/pc/ros2_ws/build/my_turtlesim/install.log --install-scripts $base/lib/my_turtlesim --single-version-externally-managed install_data
[0.904s] running egg_info
[0.905s] writing ../../build/my_turtlesim/my_turtlesim.egg-info/PKG-INFO
[0.905s] writing dependency_links to ../../build/my_turtlesim/my_turtlesim.egg-info/dependency_links.txt
[0.905s] writing entry points to ../../build/my_turtlesim/my_turtlesim.egg-info/entry_points.txt
[0.905s] writing requirements to ../../build/my_turtlesim/my_turtlesim.egg-info/requires.txt
[0.906s] writing top-level names to ../../build/my_turtlesim/my_turtlesim.egg-info/top_level.txt
[0.932s] reading manifest file '../../build/my_turtlesim/my_turtlesim.egg-info/SOURCES.txt'
[0.933s] writing manifest file '../../build/my_turtlesim/my_turtlesim.egg-info/SOURCES.txt'
[0.933s] running build
[0.933s] running build_py
[0.933s] running install
[0.934s] running install_lib
[0.935s] running install_data
[0.935s] running install_egg_info
[0.937s] removing '/home/pc/ros2_ws/install/my_turtlesim/lib/python3.8/site-packages/my_turtlesim-0.0.0-py3.8.egg-info' (and everything under it)
[0.937s] Copying ../../build/my_turtlesim/my_turtlesim.egg-info to /home/pc/ros2_ws/install/my_turtlesim/lib/python3.8/site-packages/my_turtlesim-0.0.0-py3.8.egg-info
[0.937s] running install_scripts
[0.952s] Installing draw_shapes script to /home/pc/ros2_ws/install/my_turtlesim/lib/my_turtlesim
[0.953s] writing list of installed files to '/home/pc/ros2_ws/build/my_turtlesim/install.log'
[0.981s] Invoked command in '/home/pc/ros2_ws/src/my_turtlesim' returned '0': PYTHONPATH=/home/pc/ros2_ws/build/my_turtlesim/prefix_override:/usr/lib/python3/dist-packages/colcon_core/task/python/colcon_distutils_commands:/home/pc/ros2_ws/install/my_turtlesim/lib/python3.8/site-packages:${PYTHONPATH} /usr/bin/python3 -W ignore:setup.py install is deprecated -W ignore:easy_install command is deprecated setup.py egg_info --egg-base ../../build/my_turtlesim build --build-base /home/pc/ros2_ws/build/my_turtlesim/build install --record /home/pc/ros2_ws/build/my_turtlesim/install.log --install-scripts $base/lib/my_turtlesim --single-version-externally-managed install_data
