running egg_info
creating ../../build/my_pub_sub/my_pub_sub.egg-info
writing ../../build/my_pub_sub/my_pub_sub.egg-info/PKG-INFO
writing dependency_links to ../../build/my_pub_sub/my_pub_sub.egg-info/dependency_links.txt
writing entry points to ../../build/my_pub_sub/my_pub_sub.egg-info/entry_points.txt
writing requirements to ../../build/my_pub_sub/my_pub_sub.egg-info/requires.txt
writing top-level names to ../../build/my_pub_sub/my_pub_sub.egg-info/top_level.txt
writing manifest file '../../build/my_pub_sub/my_pub_sub.egg-info/SOURCES.txt'
reading manifest file '../../build/my_pub_sub/my_pub_sub.egg-info/SOURCES.txt'
writing manifest file '../../build/my_pub_sub/my_pub_sub.egg-info/SOURCES.txt'
running build
running build_py
creating /home/pc/ros2_ws/build/my_pub_sub/build
creating /home/pc/ros2_ws/build/my_pub_sub/build/lib
creating /home/pc/ros2_ws/build/my_pub_sub/build/lib/my_pub_sub
copying my_pub_sub/__init__.py -> /home/pc/ros2_ws/build/my_pub_sub/build/lib/my_pub_sub
copying my_pub_sub/random_five_subscriber.py -> /home/pc/ros2_ws/build/my_pub_sub/build/lib/my_pub_sub
copying my_pub_sub/random_five_publisher.py -> /home/pc/ros2_ws/build/my_pub_sub/build/lib/my_pub_sub
running install
running install_lib
creating /home/pc/ros2_ws/install/my_pub_sub/lib/python3.8/site-packages/my_pub_sub
copying /home/pc/ros2_ws/build/my_pub_sub/build/lib/my_pub_sub/__init__.py -> /home/pc/ros2_ws/install/my_pub_sub/lib/python3.8/site-packages/my_pub_sub
copying /home/pc/ros2_ws/build/my_pub_sub/build/lib/my_pub_sub/random_five_subscriber.py -> /home/pc/ros2_ws/install/my_pub_sub/lib/python3.8/site-packages/my_pub_sub
copying /home/pc/ros2_ws/build/my_pub_sub/build/lib/my_pub_sub/random_five_publisher.py -> /home/pc/ros2_ws/install/my_pub_sub/lib/python3.8/site-packages/my_pub_sub
byte-compiling /home/pc/ros2_ws/install/my_pub_sub/lib/python3.8/site-packages/my_pub_sub/__init__.py to __init__.cpython-38.pyc
byte-compiling /home/pc/ros2_ws/install/my_pub_sub/lib/python3.8/site-packages/my_pub_sub/random_five_subscriber.py to random_five_subscriber.cpython-38.pyc
byte-compiling /home/pc/ros2_ws/install/my_pub_sub/lib/python3.8/site-packages/my_pub_sub/random_five_publisher.py to random_five_publisher.cpython-38.pyc
running install_data
creating /home/pc/ros2_ws/install/my_pub_sub/share/ament_index
creating /home/pc/ros2_ws/install/my_pub_sub/share/ament_index/resource_index
creating /home/pc/ros2_ws/install/my_pub_sub/share/ament_index/resource_index/packages
copying resource/my_pub_sub -> /home/pc/ros2_ws/install/my_pub_sub/share/ament_index/resource_index/packages
copying package.xml -> /home/pc/ros2_ws/install/my_pub_sub/share/my_pub_sub
running install_egg_info
Copying ../../build/my_pub_sub/my_pub_sub.egg-info to /home/pc/ros2_ws/install/my_pub_sub/lib/python3.8/site-packages/my_pub_sub-0.0.0-py3.8.egg-info
running install_scripts
Installing random_five_publisher script to /home/pc/ros2_ws/install/my_pub_sub/lib/my_pub_sub
Installing random_five_subscriber script to /home/pc/ros2_ws/install/my_pub_sub/lib/my_pub_sub
writing list of installed files to '/home/pc/ros2_ws/build/my_pub_sub/install.log'
