running egg_info
writing ../../build/my_service/my_service.egg-info/PKG-INFO
writing dependency_links to ../../build/my_service/my_service.egg-info/dependency_links.txt
writing entry points to ../../build/my_service/my_service.egg-info/entry_points.txt
writing requirements to ../../build/my_service/my_service.egg-info/requires.txt
writing top-level names to ../../build/my_service/my_service.egg-info/top_level.txt
reading manifest file '../../build/my_service/my_service.egg-info/SOURCES.txt'
writing manifest file '../../build/my_service/my_service.egg-info/SOURCES.txt'
running build
running build_py
running install
running install_lib
running install_data
running install_egg_info
removing '/home/pc/ros2_ws/install/my_service/lib/python3.8/site-packages/my_service-0.0.0-py3.8.egg-info' (and everything under it)
Copying ../../build/my_service/my_service.egg-info to /home/pc/ros2_ws/install/my_service/lib/python3.8/site-packages/my_service-0.0.0-py3.8.egg-info
running install_scripts
Installing client script to /home/pc/ros2_ws/install/my_service/lib/my_service
Installing server script to /home/pc/ros2_ws/install/my_service/lib/my_service
writing list of installed files to '/home/pc/ros2_ws/build/my_service/install.log'
