[0.755s] Invoking command in '/home/pc/ros2_ws/src/my_service': PYTHONPATH=/home/pc/ros2_ws/build/my_service/prefix_override:/usr/lib/python3/dist-packages/colcon_core/task/python/colcon_distutils_commands:/home/pc/ros2_ws/install/my_service/lib/python3.8/site-packages:${PYTHONPATH} /usr/bin/python3 -W ignore:setup.py install is deprecated -W ignore:easy_install command is deprecated setup.py egg_info --egg-base ../../build/my_service build --build-base /home/pc/ros2_ws/build/my_service/build install --record /home/pc/ros2_ws/build/my_service/install.log --install-scripts $base/lib/my_service --single-version-externally-managed install_data
[0.907s] running egg_info
[0.907s] writing ../../build/my_service/my_service.egg-info/PKG-INFO
[0.908s] writing dependency_links to ../../build/my_service/my_service.egg-info/dependency_links.txt
[0.908s] writing entry points to ../../build/my_service/my_service.egg-info/entry_points.txt
[0.908s] writing requirements to ../../build/my_service/my_service.egg-info/requires.txt
[0.908s] writing top-level names to ../../build/my_service/my_service.egg-info/top_level.txt
[0.935s] reading manifest file '../../build/my_service/my_service.egg-info/SOURCES.txt'
[0.936s] writing manifest file '../../build/my_service/my_service.egg-info/SOURCES.txt'
[0.936s] running build
[0.936s] running build_py
[0.936s] running install
[0.937s] running install_lib
[0.938s] running install_data
[0.939s] running install_egg_info
[0.939s] removing '/home/pc/ros2_ws/install/my_service/lib/python3.8/site-packages/my_service-0.0.0-py3.8.egg-info' (and everything under it)
[0.939s] Copying ../../build/my_service/my_service.egg-info to /home/pc/ros2_ws/install/my_service/lib/python3.8/site-packages/my_service-0.0.0-py3.8.egg-info
[0.940s] running install_scripts
[0.955s] Installing client script to /home/pc/ros2_ws/install/my_service/lib/my_service
[0.955s] Installing server script to /home/pc/ros2_ws/install/my_service/lib/my_service
[0.955s] writing list of installed files to '/home/pc/ros2_ws/build/my_service/install.log'
[0.975s] Invoked command in '/home/pc/ros2_ws/src/my_service' returned '0': PYTHONPATH=/home/pc/ros2_ws/build/my_service/prefix_override:/usr/lib/python3/dist-packages/colcon_core/task/python/colcon_distutils_commands:/home/pc/ros2_ws/install/my_service/lib/python3.8/site-packages:${PYTHONPATH} /usr/bin/python3 -W ignore:setup.py install is deprecated -W ignore:easy_install command is deprecated setup.py egg_info --egg-base ../../build/my_service build --build-base /home/pc/ros2_ws/build/my_service/build install --record /home/pc/ros2_ws/build/my_service/install.log --install-scripts $base/lib/my_service --single-version-externally-managed install_data
