[0.309s] Invoking command in '/home/pc/ros2_ws/src/my_launch': PYTHONPATH=/home/pc/ros2_ws/build/my_launch/prefix_override:/usr/lib/python3/dist-packages/colcon_core/task/python/colcon_distutils_commands:/home/pc/ros2_ws/install/my_launch/lib/python3.8/site-packages:${PYTHONPATH} /usr/bin/python3 -W ignore:setup.py install is deprecated -W ignore:easy_install command is deprecated setup.py egg_info --egg-base ../../build/my_launch build --build-base /home/pc/ros2_ws/build/my_launch/build install --record /home/pc/ros2_ws/build/my_launch/install.log --install-scripts $base/lib/my_launch --single-version-externally-managed install_data
[0.408s] running egg_info
[0.409s] writing ../../build/my_launch/my_launch.egg-info/PKG-INFO
[0.409s] writing dependency_links to ../../build/my_launch/my_launch.egg-info/dependency_links.txt
[0.409s] writing entry points to ../../build/my_launch/my_launch.egg-info/entry_points.txt
[0.409s] writing requirements to ../../build/my_launch/my_launch.egg-info/requires.txt
[0.409s] writing top-level names to ../../build/my_launch/my_launch.egg-info/top_level.txt
[0.426s] reading manifest file '../../build/my_launch/my_launch.egg-info/SOURCES.txt'
[0.426s] writing manifest file '../../build/my_launch/my_launch.egg-info/SOURCES.txt'
[0.426s] running build
[0.426s] running build_py
[0.426s] running install
[0.427s] running install_lib
[0.427s] running install_data
[0.427s] copying launch/all.launch.py -> /home/pc/ros2_ws/install/my_launch/share/my_launch/launch
[0.427s] running install_egg_info
[0.429s] removing '/home/pc/ros2_ws/install/my_launch/lib/python3.8/site-packages/my_launch-0.0.0-py3.8.egg-info' (and everything under it)
[0.429s] Copying ../../build/my_launch/my_launch.egg-info to /home/pc/ros2_ws/install/my_launch/lib/python3.8/site-packages/my_launch-0.0.0-py3.8.egg-info
[0.429s] running install_scripts
[0.438s] writing list of installed files to '/home/pc/ros2_ws/build/my_launch/install.log'
[0.448s] Invoked command in '/home/pc/ros2_ws/src/my_launch' returned '0': PYTHONPATH=/home/pc/ros2_ws/build/my_launch/prefix_override:/usr/lib/python3/dist-packages/colcon_core/task/python/colcon_distutils_commands:/home/pc/ros2_ws/install/my_launch/lib/python3.8/site-packages:${PYTHONPATH} /usr/bin/python3 -W ignore:setup.py install is deprecated -W ignore:easy_install command is deprecated setup.py egg_info --egg-base ../../build/my_launch build --build-base /home/pc/ros2_ws/build/my_launch/build install --record /home/pc/ros2_ws/build/my_launch/install.log --install-scripts $base/lib/my_launch --single-version-externally-managed install_data
