running egg_info
creating ../../build/my_turtlesim/my_turtlesim.egg-info
writing ../../build/my_turtlesim/my_turtlesim.egg-info/PKG-INFO
writing dependency_links to ../../build/my_turtlesim/my_turtlesim.egg-info/dependency_links.txt
writing entry points to ../../build/my_turtlesim/my_turtlesim.egg-info/entry_points.txt
writing requirements to ../../build/my_turtlesim/my_turtlesim.egg-info/requires.txt
writing top-level names to ../../build/my_turtlesim/my_turtlesim.egg-info/top_level.txt
writing manifest file '../../build/my_turtlesim/my_turtlesim.egg-info/SOURCES.txt'
reading manifest file '../../build/my_turtlesim/my_turtlesim.egg-info/SOURCES.txt'
writing manifest file '../../build/my_turtlesim/my_turtlesim.egg-info/SOURCES.txt'
running build
running build_py
creating /home/pc/ros2_ws/build/my_turtlesim/build
creating /home/pc/ros2_ws/build/my_turtlesim/build/lib
creating /home/pc/ros2_ws/build/my_turtlesim/build/lib/my_turtlesim
copying my_turtlesim/__init__.py -> /home/pc/ros2_ws/build/my_turtlesim/build/lib/my_turtlesim
copying my_turtlesim/draw_shapes4.py -> /home/pc/ros2_ws/build/my_turtlesim/build/lib/my_turtlesim
running install
running install_lib
creating /home/pc/ros2_ws/install/my_turtlesim/lib/python3.8/site-packages/my_turtlesim
copying /home/pc/ros2_ws/build/my_turtlesim/build/lib/my_turtlesim/__init__.py -> /home/pc/ros2_ws/install/my_turtlesim/lib/python3.8/site-packages/my_turtlesim
copying /home/pc/ros2_ws/build/my_turtlesim/build/lib/my_turtlesim/draw_shapes4.py -> /home/pc/ros2_ws/install/my_turtlesim/lib/python3.8/site-packages/my_turtlesim
byte-compiling /home/pc/ros2_ws/install/my_turtlesim/lib/python3.8/site-packages/my_turtlesim/__init__.py to __init__.cpython-38.pyc
byte-compiling /home/pc/ros2_ws/install/my_turtlesim/lib/python3.8/site-packages/my_turtlesim/draw_shapes4.py to draw_shapes4.cpython-38.pyc
running install_data
creating /home/pc/ros2_ws/install/my_turtlesim/share/ament_index
creating /home/pc/ros2_ws/install/my_turtlesim/share/ament_index/resource_index
creating /home/pc/ros2_ws/install/my_turtlesim/share/ament_index/resource_index/packages
copying resource/my_turtlesim -> /home/pc/ros2_ws/install/my_turtlesim/share/ament_index/resource_index/packages
copying package.xml -> /home/pc/ros2_ws/install/my_turtlesim/share/my_turtlesim
running install_egg_info
Copying ../../build/my_turtlesim/my_turtlesim.egg-info to /home/pc/ros2_ws/install/my_turtlesim/lib/python3.8/site-packages/my_turtlesim-0.0.0-py3.8.egg-info
running install_scripts
Installing draw_shapes script to /home/pc/ros2_ws/install/my_turtlesim/lib/my_turtlesim
writing list of installed files to '/home/pc/ros2_ws/build/my_turtlesim/install.log'
