[0.303s] Invoking command in '/home/pc/ros2_ws/src/my_turtlesim': PYTHONPATH=/home/pc/ros2_ws/build/my_turtlesim/prefix_override:/usr/lib/python3/dist-packages/colcon_core/task/python/colcon_distutils_commands:/home/pc/ros2_ws/install/my_turtlesim/lib/python3.8/site-packages:${PYTHONPATH} /usr/bin/python3 -W ignore:setup.py install is deprecated -W ignore:easy_install command is deprecated setup.py egg_info --egg-base ../../build/my_turtlesim build --build-base /home/pc/ros2_ws/build/my_turtlesim/build install --record /home/pc/ros2_ws/build/my_turtlesim/install.log --install-scripts $base/lib/my_turtlesim --single-version-externally-managed install_data
[0.405s] running egg_info
[0.405s] creating ../../build/my_turtlesim/my_turtlesim.egg-info
[0.405s] writing ../../build/my_turtlesim/my_turtlesim.egg-info/PKG-INFO
[0.405s] writing dependency_links to ../../build/my_turtlesim/my_turtlesim.egg-info/dependency_links.txt
[0.405s] writing entry points to ../../build/my_turtlesim/my_turtlesim.egg-info/entry_points.txt
[0.406s] writing requirements to ../../build/my_turtlesim/my_turtlesim.egg-info/requires.txt
[0.406s] writing top-level names to ../../build/my_turtlesim/my_turtlesim.egg-info/top_level.txt
[0.406s] writing manifest file '../../build/my_turtlesim/my_turtlesim.egg-info/SOURCES.txt'
[0.423s] reading manifest file '../../build/my_turtlesim/my_turtlesim.egg-info/SOURCES.txt'
[0.424s] writing manifest file '../../build/my_turtlesim/my_turtlesim.egg-info/SOURCES.txt'
[0.424s] running build
[0.424s] running build_py
[0.424s] creating /home/pc/ros2_ws/build/my_turtlesim/build
[0.424s] creating /home/pc/ros2_ws/build/my_turtlesim/build/lib
[0.424s] creating /home/pc/ros2_ws/build/my_turtlesim/build/lib/my_turtlesim
[0.424s] copying my_turtlesim/__init__.py -> /home/pc/ros2_ws/build/my_turtlesim/build/lib/my_turtlesim
[0.424s] copying my_turtlesim/draw_shapes4.py -> /home/pc/ros2_ws/build/my_turtlesim/build/lib/my_turtlesim
[0.424s] running install
[0.425s] running install_lib
[0.425s] creating /home/pc/ros2_ws/install/my_turtlesim/lib/python3.8/site-packages/my_turtlesim
[0.425s] copying /home/pc/ros2_ws/build/my_turtlesim/build/lib/my_turtlesim/__init__.py -> /home/pc/ros2_ws/install/my_turtlesim/lib/python3.8/site-packages/my_turtlesim
[0.425s] copying /home/pc/ros2_ws/build/my_turtlesim/build/lib/my_turtlesim/draw_shapes4.py -> /home/pc/ros2_ws/install/my_turtlesim/lib/python3.8/site-packages/my_turtlesim
[0.425s] byte-compiling /home/pc/ros2_ws/install/my_turtlesim/lib/python3.8/site-packages/my_turtlesim/__init__.py to __init__.cpython-38.pyc
[0.426s] byte-compiling /home/pc/ros2_ws/install/my_turtlesim/lib/python3.8/site-packages/my_turtlesim/draw_shapes4.py to draw_shapes4.cpython-38.pyc
[0.427s] running install_data
[0.427s] creating /home/pc/ros2_ws/install/my_turtlesim/share/ament_index
[0.427s] creating /home/pc/ros2_ws/install/my_turtlesim/share/ament_index/resource_index
[0.427s] creating /home/pc/ros2_ws/install/my_turtlesim/share/ament_index/resource_index/packages
[0.427s] copying resource/my_turtlesim -> /home/pc/ros2_ws/install/my_turtlesim/share/ament_index/resource_index/packages
[0.427s] copying package.xml -> /home/pc/ros2_ws/install/my_turtlesim/share/my_turtlesim
[0.427s] running install_egg_info
[0.428s] Copying ../../build/my_turtlesim/my_turtlesim.egg-info to /home/pc/ros2_ws/install/my_turtlesim/lib/python3.8/site-packages/my_turtlesim-0.0.0-py3.8.egg-info
[0.428s] running install_scripts
[0.438s] Installing draw_shapes script to /home/pc/ros2_ws/install/my_turtlesim/lib/my_turtlesim
[0.438s] writing list of installed files to '/home/pc/ros2_ws/build/my_turtlesim/install.log'
[0.448s] Invoked command in '/home/pc/ros2_ws/src/my_turtlesim' returned '0': PYTHONPATH=/home/pc/ros2_ws/build/my_turtlesim/prefix_override:/usr/lib/python3/dist-packages/colcon_core/task/python/colcon_distutils_commands:/home/pc/ros2_ws/install/my_turtlesim/lib/python3.8/site-packages:${PYTHONPATH} /usr/bin/python3 -W ignore:setup.py install is deprecated -W ignore:easy_install command is deprecated setup.py egg_info --egg-base ../../build/my_turtlesim build --build-base /home/pc/ros2_ws/build/my_turtlesim/build install --record /home/pc/ros2_ws/build/my_turtlesim/install.log --install-scripts $base/lib/my_turtlesim --single-version-externally-managed install_data
